Build started 04.08.2018 14:26:25.
     1>Project "C:\Users\st00x\LC\LaserChess3DWindows\build\LaserChess3D.vcxproj" on node 2 (Build target(s)).
     1>ClCompile:
         D:\Software\VS2015\VC\bin\CL.exe /c /I"C:\Users\st00x\LC\LaserChess3DWindows\external\glfw-3.1.2" /I"C:\Users\st00x\LC\LaserChess3DWindows\external\glm-0.9.7.1" /I"C:\Users\st00x\LC\LaserChess3DWindows\external\glew-1.13.0\include" /I"C:\Users\st00x\LC\LaserChess3DWindows\external\assimp-3.3.1\include" /IC:\Users\st00x\LC\LaserChess3DWindows\external\soil\src /IC:\Users\st00x\LC\LaserChess3DWindows\. /nologo /W3 /WX- /O2 /Ob2 /Oy- /D WIN32 /D _WINDOWS /D NDEBUG /D TW_STATIC /D TW_NO_LIB_PRAGMA /D TW_NO_DIRECT3D /D GLEW_STATIC /D _CRT_SECURE_NO_WARNINGS /D "CMAKE_INTDIR=\"Release\"" /D _MBCS /Gm- /EHsc /MD /GS /fp:precise /Zc:wchar_t /Zc:forScope /Zc:inline /GR /Fo"LaserChess3D.dir\Release\\" /Fd"LaserChess3D.dir\Release\vc140.pdb" /Gd /TP /analyze- /errorReport:prompt C:\Users\st00x\LC\LaserChess3DWindows\common\Shader.cpp
         Shader.cpp
       Link:
         D:\Software\VS2015\VC\bin\link.exe /ERRORREPORT:PROMPT /OUT:"C:\Users\st00x\LC\LaserChess3DWindows\build\Release\LaserChess3D.exe" /INCREMENTAL:NO /NOLOGO kernel32.lib user32.lib gdi32.lib winspool.lib shell32.lib ole32.lib oleaut32.lib uuid.lib comdlg32.lib advapi32.lib glu32.lib opengl32.lib "external\glfw-3.1.2\src\Release\glfw3.lib" external\Release\GLEW_1130.lib "external\assimp-3.3.1\code\Release\assimp-vc140-mt.lib" C:\Users\st00x\CLionProjects\LaserChess3D3\external\soil\lib\SOIL.lib glu32.lib opengl32.lib "external\assimp-3.3.1\contrib\zlib\Release\zlibstatic.lib" /MANIFEST /MANIFESTUAC:"level='asInvoker' uiAccess='false'" /manifest:embed /PDB:"C:/Users/st00x/LC/LaserChess3DWindows/build/Release/LaserChess3D.pdb" /SUBSYSTEM:CONSOLE /TLBID:1 /DYNAMICBASE /NXCOMPAT /IMPLIB:"C:/Users/st00x/LC/LaserChess3DWindows/build/Release/LaserChess3D.lib" /MACHINE:X86 /SAFESEH  /machine:X86 LaserChess3D.dir\Release\Shader.obj
         LaserChess3D.dir\Release\objloader.obj
         LaserChess3D.dir\Release\vboindexer.obj
         LaserChess3D.dir\Release\CView.obj
         LaserChess3D.dir\Release\CVAA.obj
         LaserChess3D.dir\Release\CMap.obj
         LaserChess3D.dir\Release\CUnit.obj
         LaserChess3D.dir\Release\CUnit_AI.obj
         LaserChess3D.dir\Release\CDreadnought.obj
         LaserChess3D.dir\Release\CUnit_Player.obj
         LaserChess3D.dir\Release\CGrunt.obj
         LaserChess3D.dir\Release\CJumpship.obj
         LaserChess3D.dir\Release\CTank.obj
         LaserChess3D.dir\Release\CDrone.obj
         LaserChess3D.dir\Release\CCommandUnit.obj
         LaserChess3D.dir\Release\CGame.obj
         LaserChess3D.dir\Release\main.obj
         SOIL.lib(SOIL.obj) : MSIL .netmodule or module compiled with /GL found; restarting link with /LTCG; add /LTCG to the link command line to improve linker performance
            Creating library C:/Users/st00x/LC/LaserChess3DWindows/build/Release/LaserChess3D.lib and object C:/Users/st00x/LC/LaserChess3DWindows/build/Release/LaserChess3D.exp
         Generating code
         Finished generating code
         LaserChess3D.vcxproj -> C:\Users\st00x\LC\LaserChess3DWindows\build\Release\LaserChess3D.exe
     1>Done Building Project "C:\Users\st00x\LC\LaserChess3DWindows\build\LaserChess3D.vcxproj" (Build target(s)).

Build succeeded.

Time Elapsed 00:00:02.18
